<?xml version="1.0" encoding="UTF-8"?>
<!-- Generated by org.testng.reporters.JUnitXMLReporter -->
<testsuite ignored="0" hostname="RecityNetworks" failures="0" tests="69" name="Command line test" time="75.011" errors="0" timestamp="2022-07-15T22:26:11 IST">
  <testcase classname="Exercise1.Test_1_Validate_Headers" name="TestToDisplayHeaders" time="4.899"/>
  <testcase classname="Exercise1.Test_1_Validate_Headers" name="TestToDisplayHeaders" time="0.799"/>
  <testcase classname="Exercise1.Test_1_Validate_Headers" name="TestToDisplayHeaders" time="1.062"/>
  <testcase classname="Exercise1.Test_1_Validate_Headers" name="TestToDisplayHeaders" time="1.162"/>
  <testcase classname="Exercise1.Test_1_Validate_Headers" name="TestToDisplayHeaders" time="1.452"/>
  <testcase classname="Exercise1.Test_1_Validate_Headers" name="TestToDisplayHeaders" time="1.803"/>
  <testcase classname="Exercise1.Test_1_Validate_Headers" name="TestToDisplayHeaders" time="0.766"/>
  <testcase classname="Exercise1.Test_1_Validate_Headers" name="TestToDisplayHeaders" time="0.874"/>
  <testcase classname="Exercise1.Test_1_Validate_Headers" name="TestToDisplayHeaders" time="1.04"/>
  <testcase classname="Exercise1.Test_1_Validate_Headers" name="TestToDisplayHeaders" time="1.099"/>
  <testcase classname="Exercise1.Test_1_Validate_Headers" name="TestToDisplayHeaders" time="0.874"/>
  <testcase classname="Exercise1.Test_1_Validate_Headers" name="VerifyContentTypeIsApplicationJSON" time="0.873"/>
  <testcase classname="Exercise1.Test_1_Validate_Headers" name="VerifyContentTypeIsApplicationJSON" time="1.158"/>
  <testcase classname="Exercise1.Test_1_Validate_Headers" name="VerifyContentTypeIsApplicationJSON" time="0.829"/>
  <testcase classname="Exercise1.Test_1_Validate_Headers" name="VerifyContentTypeIsApplicationJSON" time="1.011"/>
  <testcase classname="Exercise1.Test_1_Validate_Headers" name="VerifyContentTypeIsApplicationJSON" time="1.144"/>
  <testcase classname="Exercise1.Test_1_Validate_Headers" name="VerifyContentTypeIsApplicationJSON" time="1.247"/>
  <testcase classname="Exercise1.Test_1_Validate_Headers" name="VerifyContentTypeIsApplicationJSON" time="0.995"/>
  <testcase classname="Exercise1.Test_1_Validate_Headers" name="VerifyContentTypeIsApplicationJSON" time="0.88"/>
  <testcase classname="Exercise1.Test_1_Validate_Headers" name="VerifyContentTypeIsApplicationJSON" time="0.814"/>
  <testcase classname="Exercise1.Test_1_Validate_Headers" name="VerifyContentTypeIsApplicationJSON" time="0.829"/>
  <testcase classname="Exercise1.Test_1_Validate_Headers" name="VerifyContentTypeIsApplicationJSON" time="0.812"/>
  <testcase classname="Exercise1.Test_1_Validate_Headers" name="VerifyContentTypeIsPresent" time="0.778"/>
  <testcase classname="Exercise1.Test_1_Validate_Headers" name="VerifyContentTypeIsPresent" time="1.705"/>
  <testcase classname="Exercise1.Test_1_Validate_Headers" name="VerifyContentTypeIsPresent" time="1.018"/>
  <testcase classname="Exercise1.Test_1_Validate_Headers" name="VerifyContentTypeIsPresent" time="1.027"/>
  <testcase classname="Exercise1.Test_1_Validate_Headers" name="VerifyContentTypeIsPresent" time="0.807"/>
  <testcase classname="Exercise1.Test_1_Validate_Headers" name="VerifyContentTypeIsPresent" time="1.339"/>
  <testcase classname="Exercise1.Test_1_Validate_Headers" name="VerifyContentTypeIsPresent" time="0.757"/>
  <testcase classname="Exercise1.Test_1_Validate_Headers" name="VerifyContentTypeIsPresent" time="0.836"/>
  <testcase classname="Exercise1.Test_1_Validate_Headers" name="VerifyContentTypeIsPresent" time="0.814"/>
  <testcase classname="Exercise1.Test_1_Validate_Headers" name="VerifyContentTypeIsPresent" time="0.979"/>
  <testcase classname="Exercise1.Test_1_Validate_Headers" name="VerifyContentTypeIsPresent" time="1.355"/>
  <testcase classname="Exercise1.Test_2_Verify_Attributes" name="DisplayAllStarWarsCharacterNames" time="3.765"/>
  <testcase classname="Exercise1.Test_2_Verify_Attributes" name="GetCountOfStarWarsCharacters" time="0.992"/>
  <testcase classname="Exercise1.Test_2_Verify_Attributes" name="ValidateSpecificStarWarsCharacterNames" time="1.072"/>
  <testcase classname="Exercise1.Test_3_Verify_API_Responses" name="testResponseCode200" time="1.017"/>
  <testcase classname="Exercise1.Test_3_Verify_API_Responses" name="testResponseCode200" time="1.213"/>
  <testcase classname="Exercise1.Test_3_Verify_API_Responses" name="testResponseCode200" time="1.234"/>
  <testcase classname="Exercise1.Test_3_Verify_API_Responses" name="testResponseCode200" time="1.018"/>
  <testcase classname="Exercise1.Test_3_Verify_API_Responses" name="testResponseCode200" time="0.822"/>
  <testcase classname="Exercise1.Test_3_Verify_API_Responses" name="testResponseCode200" time="1.596"/>
  <testcase classname="Exercise1.Test_3_Verify_API_Responses" name="testResponseCode200" time="1.006"/>
  <testcase classname="Exercise1.Test_3_Verify_API_Responses" name="testResponseCode200" time="0.845"/>
  <testcase classname="Exercise1.Test_3_Verify_API_Responses" name="testResponseCode200" time="0.784"/>
  <testcase classname="Exercise1.Test_3_Verify_API_Responses" name="testResponseCode200" time="0.83"/>
  <testcase classname="Exercise1.Test_3_Verify_API_Responses" name="testResponseCode200" time="0.798"/>
  <testcase classname="Exercise1.Test_3_Verify_API_Responses" name="testResponseCode400" time="0.872"/>
  <testcase classname="Exercise1.Test_3_Verify_API_Responses" name="testResponseCode400" time="1.032"/>
  <testcase classname="Exercise1.Test_3_Verify_API_Responses" name="testResponseCode400" time="0.85"/>
  <testcase classname="Exercise1.Test_3_Verify_API_Responses" name="testResponseCode400" time="0.993"/>
  <testcase classname="Exercise1.Test_3_Verify_API_Responses" name="testResponseCode400" time="0.895"/>
  <testcase classname="Exercise1.Test_3_Verify_API_Responses" name="testResponseCode400" time="0.848"/>
  <testcase classname="Exercise1.Test_3_Verify_API_Responses" name="testResponseCode400" time="0.78"/>
  <testcase classname="Exercise1.Test_3_Verify_API_Responses" name="testResponseCode400" time="0.826"/>
  <testcase classname="Exercise1.Test_3_Verify_API_Responses" name="testResponseCode400" time="0.785"/>
  <testcase classname="Exercise1.Test_3_Verify_API_Responses" name="testResponseCode400" time="1.407"/>
  <testcase classname="Exercise1.Test_3_Verify_API_Responses" name="testResponseCode400" time="1.014"/>
  <testcase classname="Exercise1.Test_3_Verify_API_Responses" name="testResponseCode404" time="0.764"/>
  <testcase classname="Exercise1.Test_3_Verify_API_Responses" name="testResponseCode404" time="0.766"/>
  <testcase classname="Exercise1.Test_3_Verify_API_Responses" name="testResponseCode404" time="0.818"/>
  <testcase classname="Exercise1.Test_3_Verify_API_Responses" name="testResponseCode404" time="0.792"/>
  <testcase classname="Exercise1.Test_3_Verify_API_Responses" name="testResponseCode404" time="0.852"/>
  <testcase classname="Exercise1.Test_3_Verify_API_Responses" name="testResponseCode404" time="0.786"/>
  <testcase classname="Exercise1.Test_3_Verify_API_Responses" name="testResponseCode404" time="0.988"/>
  <testcase classname="Exercise1.Test_3_Verify_API_Responses" name="testResponseCode404" time="0.753"/>
  <testcase classname="Exercise1.Test_3_Verify_API_Responses" name="testResponseCode404" time="0.798"/>
  <testcase classname="Exercise1.Test_3_Verify_API_Responses" name="testResponseCode404" time="0.761"/>
  <testcase classname="Exercise1.Test_3_Verify_API_Responses" name="testResponseCode404" time="0.767"/>
</testsuite> <!-- Command line test -->
