<?xml version="1.0" encoding="UTF-8"?>
<testng-results ignored="0" total="69" passed="69" failed="0" skipped="0">
  <reporter-output>
  </reporter-output>
  <suite started-at="2022-07-15T22:24:56 IST" name="Command line suite" finished-at="2022-07-15T22:26:11 IST" duration-ms="75011">
    <groups>
    </groups>
    <test started-at="2022-07-15T22:24:56 IST" name="Command line test" finished-at="2022-07-15T22:26:11 IST" duration-ms="75011">
      <class name="Exercise1.Test_2_Verify_Attributes">
        <test-method signature="DisplayAllStarWarsCharacterNames()[pri:0, instance:Exercise1.Test_2_Verify_Attributes@2ece4966]" started-at="2022-07-15T22:25:34 IST" name="DisplayAllStarWarsCharacterNames" finished-at="2022-07-15T22:25:38 IST" duration-ms="3765" status="PASS">
          <reporter-output>
          </reporter-output>
        </test-method> <!-- DisplayAllStarWarsCharacterNames -->
        <test-method signature="GetCountOfStarWarsCharacters()[pri:0, instance:Exercise1.Test_2_Verify_Attributes@2ece4966]" started-at="2022-07-15T22:25:38 IST" name="GetCountOfStarWarsCharacters" finished-at="2022-07-15T22:25:39 IST" duration-ms="992" status="PASS">
          <reporter-output>
          </reporter-output>
        </test-method> <!-- GetCountOfStarWarsCharacters -->
        <test-method signature="ValidateSpecificStarWarsCharacterNames()[pri:0, instance:Exercise1.Test_2_Verify_Attributes@2ece4966]" started-at="2022-07-15T22:25:39 IST" name="ValidateSpecificStarWarsCharacterNames" finished-at="2022-07-15T22:25:40 IST" duration-ms="1072" status="PASS">
          <reporter-output>
          </reporter-output>
        </test-method> <!-- ValidateSpecificStarWarsCharacterNames -->
      </class> <!-- Exercise1.Test_2_Verify_Attributes -->
      <class name="Exercise1.Test_3_Verify_API_Responses">
        <test-method signature="testResponseCode200(java.lang.String,java.lang.String,java.lang.String,java.lang.String,java.lang.String)[pri:0, instance:Exercise1.Test_3_Verify_API_Responses@1dd0e7c4]" started-at="2022-07-15T22:25:40 IST" name="testResponseCode200" data-provider="getURLInfo" finished-at="2022-07-15T22:25:41 IST" duration-ms="1017" status="PASS">
          <params>
            <param index="0">
              <value>
                <![CDATA[https://swapi.dev/api/]]>
              </value>
            </param>
            <param index="1">
              <value>
                <![CDATA[people/1]]>
              </value>
            </param>
            <param index="2">
              <value>
                <![CDATA[application/json]]>
              </value>
            </param>
            <param index="3">
              <value>
                <![CDATA[peo1ple/1]]>
              </value>
            </param>
            <param index="4">
              <value>
                <![CDATA[https://swapi.dev/api/:]]>
              </value>
            </param>
          </params>
          <reporter-output>
          </reporter-output>
        </test-method> <!-- testResponseCode200 -->
        <test-method signature="testResponseCode200(java.lang.String,java.lang.String,java.lang.String,java.lang.String,java.lang.String)[pri:0, instance:Exercise1.Test_3_Verify_API_Responses@1dd0e7c4]" started-at="2022-07-15T22:25:41 IST" name="testResponseCode200" data-provider="getURLInfo" finished-at="2022-07-15T22:25:42 IST" duration-ms="1213" status="PASS">
          <params>
            <param index="0">
              <value>
                <![CDATA[https://swapi.dev/api/]]>
              </value>
            </param>
            <param index="1">
              <value>
                <![CDATA[people?search=Luke Skywalker]]>
              </value>
            </param>
            <param index="2">
              <value>
                <![CDATA[application/json]]>
              </value>
            </param>
            <param index="3">
              <value>
                <![CDATA[p3eople?search=Luke Skywalker]]>
              </value>
            </param>
            <param index="4">
              <value>
                <![CDATA[https://swapi.dev/api/%]]>
              </value>
            </param>
          </params>
          <reporter-output>
          </reporter-output>
        </test-method> <!-- testResponseCode200 -->
        <test-method signature="testResponseCode200(java.lang.String,java.lang.String,java.lang.String,java.lang.String,java.lang.String)[pri:0, instance:Exercise1.Test_3_Verify_API_Responses@1dd0e7c4]" started-at="2022-07-15T22:25:42 IST" name="testResponseCode200" data-provider="getURLInfo" finished-at="2022-07-15T22:25:44 IST" duration-ms="1234" status="PASS">
          <params>
            <param index="0">
              <value>
                <![CDATA[https://swapi.dev/api/]]>
              </value>
            </param>
            <param index="1">
              <value>
                <![CDATA[planets/3/]]>
              </value>
            </param>
            <param index="2">
              <value>
                <![CDATA[application/json]]>
              </value>
            </param>
            <param index="3">
              <value>
                <![CDATA[pl4anets/3/]]>
              </value>
            </param>
            <param index="4">
              <value>
                <![CDATA[https://swapi.dev/api/%]]>
              </value>
            </param>
          </params>
          <reporter-output>
          </reporter-output>
        </test-method> <!-- testResponseCode200 -->
        <test-method signature="testResponseCode200(java.lang.String,java.lang.String,java.lang.String,java.lang.String,java.lang.String)[pri:0, instance:Exercise1.Test_3_Verify_API_Responses@1dd0e7c4]" started-at="2022-07-15T22:25:44 IST" name="testResponseCode200" data-provider="getURLInfo" finished-at="2022-07-15T22:25:45 IST" duration-ms="1018" status="PASS">
          <params>
            <param index="0">
              <value>
                <![CDATA[https://swapi.dev/api/]]>
              </value>
            </param>
            <param index="1">
              <value>
                <![CDATA[planets?search=Tatooine]]>
              </value>
            </param>
            <param index="2">
              <value>
                <![CDATA[application/json]]>
              </value>
            </param>
            <param index="3">
              <value>
                <![CDATA[pla4nets?search=Tatooine]]>
              </value>
            </param>
            <param index="4">
              <value>
                <![CDATA[https://swapi.dev/api/%]]>
              </value>
            </param>
          </params>
          <reporter-output>
          </reporter-output>
        </test-method> <!-- testResponseCode200 -->
        <test-method signature="testResponseCode200(java.lang.String,java.lang.String,java.lang.String,java.lang.String,java.lang.String)[pri:0, instance:Exercise1.Test_3_Verify_API_Responses@1dd0e7c4]" started-at="2022-07-15T22:25:45 IST" name="testResponseCode200" data-provider="getURLInfo" finished-at="2022-07-15T22:25:45 IST" duration-ms="822" status="PASS">
          <params>
            <param index="0">
              <value>
                <![CDATA[https://swapi.dev/api/]]>
              </value>
            </param>
            <param index="1">
              <value>
                <![CDATA[films/6]]>
              </value>
            </param>
            <param index="2">
              <value>
                <![CDATA[application/json]]>
              </value>
            </param>
            <param index="3">
              <value>
                <![CDATA[fi6lms/6]]>
              </value>
            </param>
            <param index="4">
              <value>
                <![CDATA[https://swapi.dev/api/%]]>
              </value>
            </param>
          </params>
          <reporter-output>
          </reporter-output>
        </test-method> <!-- testResponseCode200 -->
        <test-method signature="testResponseCode200(java.lang.String,java.lang.String,java.lang.String,java.lang.String,java.lang.String)[pri:0, instance:Exercise1.Test_3_Verify_API_Responses@1dd0e7c4]" started-at="2022-07-15T22:25:45 IST" name="testResponseCode200" data-provider="getURLInfo" finished-at="2022-07-15T22:25:47 IST" duration-ms="1596" status="PASS">
          <params>
            <param index="0">
              <value>
                <![CDATA[https://swapi.dev/api/]]>
              </value>
            </param>
            <param index="1">
              <value>
                <![CDATA[films?search=count]]>
              </value>
            </param>
            <param index="2">
              <value>
                <![CDATA[application/json]]>
              </value>
            </param>
            <param index="3">
              <value>
                <![CDATA[f2ilms?search=count]]>
              </value>
            </param>
            <param index="4">
              <value>
                <![CDATA[https://swapi.dev/api/%]]>
              </value>
            </param>
          </params>
          <reporter-output>
          </reporter-output>
        </test-method> <!-- testResponseCode200 -->
        <test-method signature="testResponseCode200(java.lang.String,java.lang.String,java.lang.String,java.lang.String,java.lang.String)[pri:0, instance:Exercise1.Test_3_Verify_API_Responses@1dd0e7c4]" started-at="2022-07-15T22:25:47 IST" name="testResponseCode200" data-provider="getURLInfo" finished-at="2022-07-15T22:25:48 IST" duration-ms="1006" status="PASS">
          <params>
            <param index="0">
              <value>
                <![CDATA[https://swapi.dev/api/]]>
              </value>
            </param>
            <param index="1">
              <value>
                <![CDATA[species/23]]>
              </value>
            </param>
            <param index="2">
              <value>
                <![CDATA[application/json]]>
              </value>
            </param>
            <param index="3">
              <value>
                <![CDATA[spegcies/23]]>
              </value>
            </param>
            <param index="4">
              <value>
                <![CDATA[https://swapi.dev/api/%]]>
              </value>
            </param>
          </params>
          <reporter-output>
          </reporter-output>
        </test-method> <!-- testResponseCode200 -->
        <test-method signature="testResponseCode200(java.lang.String,java.lang.String,java.lang.String,java.lang.String,java.lang.String)[pri:0, instance:Exercise1.Test_3_Verify_API_Responses@1dd0e7c4]" started-at="2022-07-15T22:25:48 IST" name="testResponseCode200" data-provider="getURLInfo" finished-at="2022-07-15T22:25:49 IST" duration-ms="845" status="PASS">
          <params>
            <param index="0">
              <value>
                <![CDATA[https://swapi.dev/api/]]>
              </value>
            </param>
            <param index="1">
              <value>
                <![CDATA[species?language]]>
              </value>
            </param>
            <param index="2">
              <value>
                <![CDATA[application/json]]>
              </value>
            </param>
            <param index="3">
              <value>
                <![CDATA[specuies?language]]>
              </value>
            </param>
            <param index="4">
              <value>
                <![CDATA[https://swapi.dev/api/%]]>
              </value>
            </param>
          </params>
          <reporter-output>
          </reporter-output>
        </test-method> <!-- testResponseCode200 -->
        <test-method signature="testResponseCode200(java.lang.String,java.lang.String,java.lang.String,java.lang.String,java.lang.String)[pri:0, instance:Exercise1.Test_3_Verify_API_Responses@1dd0e7c4]" started-at="2022-07-15T22:25:49 IST" name="testResponseCode200" data-provider="getURLInfo" finished-at="2022-07-15T22:25:50 IST" duration-ms="784" status="PASS">
          <params>
            <param index="0">
              <value>
                <![CDATA[https://swapi.dev/api/]]>
              </value>
            </param>
            <param index="1">
              <value>
                <![CDATA[vehicles/14]]>
              </value>
            </param>
            <param index="2">
              <value>
                <![CDATA[application/json]]>
              </value>
            </param>
            <param index="3">
              <value>
                <![CDATA[vehi3cles/14]]>
              </value>
            </param>
            <param index="4">
              <value>
                <![CDATA[https://swapi.dev/api/%]]>
              </value>
            </param>
          </params>
          <reporter-output>
          </reporter-output>
        </test-method> <!-- testResponseCode200 -->
        <test-method signature="testResponseCode200(java.lang.String,java.lang.String,java.lang.String,java.lang.String,java.lang.String)[pri:0, instance:Exercise1.Test_3_Verify_API_Responses@1dd0e7c4]" started-at="2022-07-15T22:25:50 IST" name="testResponseCode200" data-provider="getURLInfo" finished-at="2022-07-15T22:25:51 IST" duration-ms="830" status="PASS">
          <params>
            <param index="0">
              <value>
                <![CDATA[https://swapi.dev/api/]]>
              </value>
            </param>
            <param index="1">
              <value>
                <![CDATA[vehicles/?name=Snowspeeder]]>
              </value>
            </param>
            <param index="2">
              <value>
                <![CDATA[application/json]]>
              </value>
            </param>
            <param index="3">
              <value>
                <![CDATA[veh9icles/?name=Snowspeeder]]>
              </value>
            </param>
            <param index="4">
              <value>
                <![CDATA[https://swapi.dev/api/%]]>
              </value>
            </param>
          </params>
          <reporter-output>
          </reporter-output>
        </test-method> <!-- testResponseCode200 -->
        <test-method signature="testResponseCode200(java.lang.String,java.lang.String,java.lang.String,java.lang.String,java.lang.String)[pri:0, instance:Exercise1.Test_3_Verify_API_Responses@1dd0e7c4]" started-at="2022-07-15T22:25:51 IST" name="testResponseCode200" data-provider="getURLInfo" finished-at="2022-07-15T22:25:51 IST" duration-ms="798" status="PASS">
          <params>
            <param index="0">
              <value>
                <![CDATA[https://swapi.dev/api/]]>
              </value>
            </param>
            <param index="1">
              <value>
                <![CDATA[starships/9]]>
              </value>
            </param>
            <param index="2">
              <value>
                <![CDATA[application/json]]>
              </value>
            </param>
            <param index="3">
              <value>
                <![CDATA[s6arships/9]]>
              </value>
            </param>
            <param index="4">
              <value>
                <![CDATA[https://swapi.dev/api/%]]>
              </value>
            </param>
          </params>
          <reporter-output>
          </reporter-output>
        </test-method> <!-- testResponseCode200 -->
        <test-method signature="testResponseCode400(java.lang.String,java.lang.String,java.lang.String,java.lang.String,java.lang.String)[pri:0, instance:Exercise1.Test_3_Verify_API_Responses@1dd0e7c4]" started-at="2022-07-15T22:25:51 IST" name="testResponseCode400" data-provider="getURLInfo" finished-at="2022-07-15T22:25:52 IST" duration-ms="872" status="PASS">
          <params>
            <param index="0">
              <value>
                <![CDATA[https://swapi.dev/api/]]>
              </value>
            </param>
            <param index="1">
              <value>
                <![CDATA[people/1]]>
              </value>
            </param>
            <param index="2">
              <value>
                <![CDATA[application/json]]>
              </value>
            </param>
            <param index="3">
              <value>
                <![CDATA[peo1ple/1]]>
              </value>
            </param>
            <param index="4">
              <value>
                <![CDATA[https://swapi.dev/api/:]]>
              </value>
            </param>
          </params>
          <reporter-output>
          </reporter-output>
        </test-method> <!-- testResponseCode400 -->
        <test-method signature="testResponseCode400(java.lang.String,java.lang.String,java.lang.String,java.lang.String,java.lang.String)[pri:0, instance:Exercise1.Test_3_Verify_API_Responses@1dd0e7c4]" started-at="2022-07-15T22:25:52 IST" name="testResponseCode400" data-provider="getURLInfo" finished-at="2022-07-15T22:25:53 IST" duration-ms="1032" status="PASS">
          <params>
            <param index="0">
              <value>
                <![CDATA[https://swapi.dev/api/]]>
              </value>
            </param>
            <param index="1">
              <value>
                <![CDATA[people?search=Luke Skywalker]]>
              </value>
            </param>
            <param index="2">
              <value>
                <![CDATA[application/json]]>
              </value>
            </param>
            <param index="3">
              <value>
                <![CDATA[p3eople?search=Luke Skywalker]]>
              </value>
            </param>
            <param index="4">
              <value>
                <![CDATA[https://swapi.dev/api/%]]>
              </value>
            </param>
          </params>
          <reporter-output>
          </reporter-output>
        </test-method> <!-- testResponseCode400 -->
        <test-method signature="testResponseCode400(java.lang.String,java.lang.String,java.lang.String,java.lang.String,java.lang.String)[pri:0, instance:Exercise1.Test_3_Verify_API_Responses@1dd0e7c4]" started-at="2022-07-15T22:25:53 IST" name="testResponseCode400" data-provider="getURLInfo" finished-at="2022-07-15T22:25:54 IST" duration-ms="850" status="PASS">
          <params>
            <param index="0">
              <value>
                <![CDATA[https://swapi.dev/api/]]>
              </value>
            </param>
            <param index="1">
              <value>
                <![CDATA[planets/3/]]>
              </value>
            </param>
            <param index="2">
              <value>
                <![CDATA[application/json]]>
              </value>
            </param>
            <param index="3">
              <value>
                <![CDATA[pl4anets/3/]]>
              </value>
            </param>
            <param index="4">
              <value>
                <![CDATA[https://swapi.dev/api/%]]>
              </value>
            </param>
          </params>
          <reporter-output>
          </reporter-output>
        </test-method> <!-- testResponseCode400 -->
        <test-method signature="testResponseCode400(java.lang.String,java.lang.String,java.lang.String,java.lang.String,java.lang.String)[pri:0, instance:Exercise1.Test_3_Verify_API_Responses@1dd0e7c4]" started-at="2022-07-15T22:25:54 IST" name="testResponseCode400" data-provider="getURLInfo" finished-at="2022-07-15T22:25:55 IST" duration-ms="993" status="PASS">
          <params>
            <param index="0">
              <value>
                <![CDATA[https://swapi.dev/api/]]>
              </value>
            </param>
            <param index="1">
              <value>
                <![CDATA[planets?search=Tatooine]]>
              </value>
            </param>
            <param index="2">
              <value>
                <![CDATA[application/json]]>
              </value>
            </param>
            <param index="3">
              <value>
                <![CDATA[pla4nets?search=Tatooine]]>
              </value>
            </param>
            <param index="4">
              <value>
                <![CDATA[https://swapi.dev/api/%]]>
              </value>
            </param>
          </params>
          <reporter-output>
          </reporter-output>
        </test-method> <!-- testResponseCode400 -->
        <test-method signature="testResponseCode400(java.lang.String,java.lang.String,java.lang.String,java.lang.String,java.lang.String)[pri:0, instance:Exercise1.Test_3_Verify_API_Responses@1dd0e7c4]" started-at="2022-07-15T22:25:55 IST" name="testResponseCode400" data-provider="getURLInfo" finished-at="2022-07-15T22:25:56 IST" duration-ms="895" status="PASS">
          <params>
            <param index="0">
              <value>
                <![CDATA[https://swapi.dev/api/]]>
              </value>
            </param>
            <param index="1">
              <value>
                <![CDATA[films/6]]>
              </value>
            </param>
            <param index="2">
              <value>
                <![CDATA[application/json]]>
              </value>
            </param>
            <param index="3">
              <value>
                <![CDATA[fi6lms/6]]>
              </value>
            </param>
            <param index="4">
              <value>
                <![CDATA[https://swapi.dev/api/%]]>
              </value>
            </param>
          </params>
          <reporter-output>
          </reporter-output>
        </test-method> <!-- testResponseCode400 -->
        <test-method signature="testResponseCode400(java.lang.String,java.lang.String,java.lang.String,java.lang.String,java.lang.String)[pri:0, instance:Exercise1.Test_3_Verify_API_Responses@1dd0e7c4]" started-at="2022-07-15T22:25:56 IST" name="testResponseCode400" data-provider="getURLInfo" finished-at="2022-07-15T22:25:57 IST" duration-ms="848" status="PASS">
          <params>
            <param index="0">
              <value>
                <![CDATA[https://swapi.dev/api/]]>
              </value>
            </param>
            <param index="1">
              <value>
                <![CDATA[films?search=count]]>
              </value>
            </param>
            <param index="2">
              <value>
                <![CDATA[application/json]]>
              </value>
            </param>
            <param index="3">
              <value>
                <![CDATA[f2ilms?search=count]]>
              </value>
            </param>
            <param index="4">
              <value>
                <![CDATA[https://swapi.dev/api/%]]>
              </value>
            </param>
          </params>
          <reporter-output>
          </reporter-output>
        </test-method> <!-- testResponseCode400 -->
        <test-method signature="testResponseCode400(java.lang.String,java.lang.String,java.lang.String,java.lang.String,java.lang.String)[pri:0, instance:Exercise1.Test_3_Verify_API_Responses@1dd0e7c4]" started-at="2022-07-15T22:25:57 IST" name="testResponseCode400" data-provider="getURLInfo" finished-at="2022-07-15T22:25:58 IST" duration-ms="780" status="PASS">
          <params>
            <param index="0">
              <value>
                <![CDATA[https://swapi.dev/api/]]>
              </value>
            </param>
            <param index="1">
              <value>
                <![CDATA[species/23]]>
              </value>
            </param>
            <param index="2">
              <value>
                <![CDATA[application/json]]>
              </value>
            </param>
            <param index="3">
              <value>
                <![CDATA[spegcies/23]]>
              </value>
            </param>
            <param index="4">
              <value>
                <![CDATA[https://swapi.dev/api/%]]>
              </value>
            </param>
          </params>
          <reporter-output>
          </reporter-output>
        </test-method> <!-- testResponseCode400 -->
        <test-method signature="testResponseCode400(java.lang.String,java.lang.String,java.lang.String,java.lang.String,java.lang.String)[pri:0, instance:Exercise1.Test_3_Verify_API_Responses@1dd0e7c4]" started-at="2022-07-15T22:25:58 IST" name="testResponseCode400" data-provider="getURLInfo" finished-at="2022-07-15T22:25:59 IST" duration-ms="826" status="PASS">
          <params>
            <param index="0">
              <value>
                <![CDATA[https://swapi.dev/api/]]>
              </value>
            </param>
            <param index="1">
              <value>
                <![CDATA[species?language]]>
              </value>
            </param>
            <param index="2">
              <value>
                <![CDATA[application/json]]>
              </value>
            </param>
            <param index="3">
              <value>
                <![CDATA[specuies?language]]>
              </value>
            </param>
            <param index="4">
              <value>
                <![CDATA[https://swapi.dev/api/%]]>
              </value>
            </param>
          </params>
          <reporter-output>
          </reporter-output>
        </test-method> <!-- testResponseCode400 -->
        <test-method signature="testResponseCode400(java.lang.String,java.lang.String,java.lang.String,java.lang.String,java.lang.String)[pri:0, instance:Exercise1.Test_3_Verify_API_Responses@1dd0e7c4]" started-at="2022-07-15T22:25:59 IST" name="testResponseCode400" data-provider="getURLInfo" finished-at="2022-07-15T22:25:59 IST" duration-ms="785" status="PASS">
          <params>
            <param index="0">
              <value>
                <![CDATA[https://swapi.dev/api/]]>
              </value>
            </param>
            <param index="1">
              <value>
                <![CDATA[vehicles/14]]>
              </value>
            </param>
            <param index="2">
              <value>
                <![CDATA[application/json]]>
              </value>
            </param>
            <param index="3">
              <value>
                <![CDATA[vehi3cles/14]]>
              </value>
            </param>
            <param index="4">
              <value>
                <![CDATA[https://swapi.dev/api/%]]>
              </value>
            </param>
          </params>
          <reporter-output>
          </reporter-output>
        </test-method> <!-- testResponseCode400 -->
        <test-method signature="testResponseCode400(java.lang.String,java.lang.String,java.lang.String,java.lang.String,java.lang.String)[pri:0, instance:Exercise1.Test_3_Verify_API_Responses@1dd0e7c4]" started-at="2022-07-15T22:25:59 IST" name="testResponseCode400" data-provider="getURLInfo" finished-at="2022-07-15T22:26:01 IST" duration-ms="1407" status="PASS">
          <params>
            <param index="0">
              <value>
                <![CDATA[https://swapi.dev/api/]]>
              </value>
            </param>
            <param index="1">
              <value>
                <![CDATA[vehicles/?name=Snowspeeder]]>
              </value>
            </param>
            <param index="2">
              <value>
                <![CDATA[application/json]]>
              </value>
            </param>
            <param index="3">
              <value>
                <![CDATA[veh9icles/?name=Snowspeeder]]>
              </value>
            </param>
            <param index="4">
              <value>
                <![CDATA[https://swapi.dev/api/%]]>
              </value>
            </param>
          </params>
          <reporter-output>
          </reporter-output>
        </test-method> <!-- testResponseCode400 -->
        <test-method signature="testResponseCode400(java.lang.String,java.lang.String,java.lang.String,java.lang.String,java.lang.String)[pri:0, instance:Exercise1.Test_3_Verify_API_Responses@1dd0e7c4]" started-at="2022-07-15T22:26:01 IST" name="testResponseCode400" data-provider="getURLInfo" finished-at="2022-07-15T22:26:02 IST" duration-ms="1014" status="PASS">
          <params>
            <param index="0">
              <value>
                <![CDATA[https://swapi.dev/api/]]>
              </value>
            </param>
            <param index="1">
              <value>
                <![CDATA[starships/9]]>
              </value>
            </param>
            <param index="2">
              <value>
                <![CDATA[application/json]]>
              </value>
            </param>
            <param index="3">
              <value>
                <![CDATA[s6arships/9]]>
              </value>
            </param>
            <param index="4">
              <value>
                <![CDATA[https://swapi.dev/api/%]]>
              </value>
            </param>
          </params>
          <reporter-output>
          </reporter-output>
        </test-method> <!-- testResponseCode400 -->
        <test-method signature="testResponseCode404(java.lang.String,java.lang.String,java.lang.String,java.lang.String,java.lang.String)[pri:0, instance:Exercise1.Test_3_Verify_API_Responses@1dd0e7c4]" started-at="2022-07-15T22:26:02 IST" name="testResponseCode404" data-provider="getURLInfo" finished-at="2022-07-15T22:26:03 IST" duration-ms="764" status="PASS">
          <params>
            <param index="0">
              <value>
                <![CDATA[https://swapi.dev/api/]]>
              </value>
            </param>
            <param index="1">
              <value>
                <![CDATA[people/1]]>
              </value>
            </param>
            <param index="2">
              <value>
                <![CDATA[application/json]]>
              </value>
            </param>
            <param index="3">
              <value>
                <![CDATA[peo1ple/1]]>
              </value>
            </param>
            <param index="4">
              <value>
                <![CDATA[https://swapi.dev/api/:]]>
              </value>
            </param>
          </params>
          <reporter-output>
          </reporter-output>
        </test-method> <!-- testResponseCode404 -->
        <test-method signature="testResponseCode404(java.lang.String,java.lang.String,java.lang.String,java.lang.String,java.lang.String)[pri:0, instance:Exercise1.Test_3_Verify_API_Responses@1dd0e7c4]" started-at="2022-07-15T22:26:03 IST" name="testResponseCode404" data-provider="getURLInfo" finished-at="2022-07-15T22:26:03 IST" duration-ms="766" status="PASS">
          <params>
            <param index="0">
              <value>
                <![CDATA[https://swapi.dev/api/]]>
              </value>
            </param>
            <param index="1">
              <value>
                <![CDATA[people?search=Luke Skywalker]]>
              </value>
            </param>
            <param index="2">
              <value>
                <![CDATA[application/json]]>
              </value>
            </param>
            <param index="3">
              <value>
                <![CDATA[p3eople?search=Luke Skywalker]]>
              </value>
            </param>
            <param index="4">
              <value>
                <![CDATA[https://swapi.dev/api/%]]>
              </value>
            </param>
          </params>
          <reporter-output>
          </reporter-output>
        </test-method> <!-- testResponseCode404 -->
        <test-method signature="testResponseCode404(java.lang.String,java.lang.String,java.lang.String,java.lang.String,java.lang.String)[pri:0, instance:Exercise1.Test_3_Verify_API_Responses@1dd0e7c4]" started-at="2022-07-15T22:26:03 IST" name="testResponseCode404" data-provider="getURLInfo" finished-at="2022-07-15T22:26:04 IST" duration-ms="818" status="PASS">
          <params>
            <param index="0">
              <value>
                <![CDATA[https://swapi.dev/api/]]>
              </value>
            </param>
            <param index="1">
              <value>
                <![CDATA[planets/3/]]>
              </value>
            </param>
            <param index="2">
              <value>
                <![CDATA[application/json]]>
              </value>
            </param>
            <param index="3">
              <value>
                <![CDATA[pl4anets/3/]]>
              </value>
            </param>
            <param index="4">
              <value>
                <![CDATA[https://swapi.dev/api/%]]>
              </value>
            </param>
          </params>
          <reporter-output>
          </reporter-output>
        </test-method> <!-- testResponseCode404 -->
        <test-method signature="testResponseCode404(java.lang.String,java.lang.String,java.lang.String,java.lang.String,java.lang.String)[pri:0, instance:Exercise1.Test_3_Verify_API_Responses@1dd0e7c4]" started-at="2022-07-15T22:26:04 IST" name="testResponseCode404" data-provider="getURLInfo" finished-at="2022-07-15T22:26:05 IST" duration-ms="792" status="PASS">
          <params>
            <param index="0">
              <value>
                <![CDATA[https://swapi.dev/api/]]>
              </value>
            </param>
            <param index="1">
              <value>
                <![CDATA[planets?search=Tatooine]]>
              </value>
            </param>
            <param index="2">
              <value>
                <![CDATA[application/json]]>
              </value>
            </param>
            <param index="3">
              <value>
                <![CDATA[pla4nets?search=Tatooine]]>
              </value>
            </param>
            <param index="4">
              <value>
                <![CDATA[https://swapi.dev/api/%]]>
              </value>
            </param>
          </params>
          <reporter-output>
          </reporter-output>
        </test-method> <!-- testResponseCode404 -->
        <test-method signature="testResponseCode404(java.lang.String,java.lang.String,java.lang.String,java.lang.String,java.lang.String)[pri:0, instance:Exercise1.Test_3_Verify_API_Responses@1dd0e7c4]" started-at="2022-07-15T22:26:05 IST" name="testResponseCode404" data-provider="getURLInfo" finished-at="2022-07-15T22:26:06 IST" duration-ms="852" status="PASS">
          <params>
            <param index="0">
              <value>
                <![CDATA[https://swapi.dev/api/]]>
              </value>
            </param>
            <param index="1">
              <value>
                <![CDATA[films/6]]>
              </value>
            </param>
            <param index="2">
              <value>
                <![CDATA[application/json]]>
              </value>
            </param>
            <param index="3">
              <value>
                <![CDATA[fi6lms/6]]>
              </value>
            </param>
            <param index="4">
              <value>
                <![CDATA[https://swapi.dev/api/%]]>
              </value>
            </param>
          </params>
          <reporter-output>
          </reporter-output>
        </test-method> <!-- testResponseCode404 -->
        <test-method signature="testResponseCode404(java.lang.String,java.lang.String,java.lang.String,java.lang.String,java.lang.String)[pri:0, instance:Exercise1.Test_3_Verify_API_Responses@1dd0e7c4]" started-at="2022-07-15T22:26:06 IST" name="testResponseCode404" data-provider="getURLInfo" finished-at="2022-07-15T22:26:07 IST" duration-ms="786" status="PASS">
          <params>
            <param index="0">
              <value>
                <![CDATA[https://swapi.dev/api/]]>
              </value>
            </param>
            <param index="1">
              <value>
                <![CDATA[films?search=count]]>
              </value>
            </param>
            <param index="2">
              <value>
                <![CDATA[application/json]]>
              </value>
            </param>
            <param index="3">
              <value>
                <![CDATA[f2ilms?search=count]]>
              </value>
            </param>
            <param index="4">
              <value>
                <![CDATA[https://swapi.dev/api/%]]>
              </value>
            </param>
          </params>
          <reporter-output>
          </reporter-output>
        </test-method> <!-- testResponseCode404 -->
        <test-method signature="testResponseCode404(java.lang.String,java.lang.String,java.lang.String,java.lang.String,java.lang.String)[pri:0, instance:Exercise1.Test_3_Verify_API_Responses@1dd0e7c4]" started-at="2022-07-15T22:26:07 IST" name="testResponseCode404" data-provider="getURLInfo" finished-at="2022-07-15T22:26:08 IST" duration-ms="988" status="PASS">
          <params>
            <param index="0">
              <value>
                <![CDATA[https://swapi.dev/api/]]>
              </value>
            </param>
            <param index="1">
              <value>
                <![CDATA[species/23]]>
              </value>
            </param>
            <param index="2">
              <value>
                <![CDATA[application/json]]>
              </value>
            </param>
            <param index="3">
              <value>
                <![CDATA[spegcies/23]]>
              </value>
            </param>
            <param index="4">
              <value>
                <![CDATA[https://swapi.dev/api/%]]>
              </value>
            </param>
          </params>
          <reporter-output>
          </reporter-output>
        </test-method> <!-- testResponseCode404 -->
        <test-method signature="testResponseCode404(java.lang.String,java.lang.String,java.lang.String,java.lang.String,java.lang.String)[pri:0, instance:Exercise1.Test_3_Verify_API_Responses@1dd0e7c4]" started-at="2022-07-15T22:26:08 IST" name="testResponseCode404" data-provider="getURLInfo" finished-at="2022-07-15T22:26:08 IST" duration-ms="753" status="PASS">
          <params>
            <param index="0">
              <value>
                <![CDATA[https://swapi.dev/api/]]>
              </value>
            </param>
            <param index="1">
              <value>
                <![CDATA[species?language]]>
              </value>
            </param>
            <param index="2">
              <value>
                <![CDATA[application/json]]>
              </value>
            </param>
            <param index="3">
              <value>
                <![CDATA[specuies?language]]>
              </value>
            </param>
            <param index="4">
              <value>
                <![CDATA[https://swapi.dev/api/%]]>
              </value>
            </param>
          </params>
          <reporter-output>
          </reporter-output>
        </test-method> <!-- testResponseCode404 -->
        <test-method signature="testResponseCode404(java.lang.String,java.lang.String,java.lang.String,java.lang.String,java.lang.String)[pri:0, instance:Exercise1.Test_3_Verify_API_Responses@1dd0e7c4]" started-at="2022-07-15T22:26:08 IST" name="testResponseCode404" data-provider="getURLInfo" finished-at="2022-07-15T22:26:09 IST" duration-ms="798" status="PASS">
          <params>
            <param index="0">
              <value>
                <![CDATA[https://swapi.dev/api/]]>
              </value>
            </param>
            <param index="1">
              <value>
                <![CDATA[vehicles/14]]>
              </value>
            </param>
            <param index="2">
              <value>
                <![CDATA[application/json]]>
              </value>
            </param>
            <param index="3">
              <value>
                <![CDATA[vehi3cles/14]]>
              </value>
            </param>
            <param index="4">
              <value>
                <![CDATA[https://swapi.dev/api/%]]>
              </value>
            </param>
          </params>
          <reporter-output>
          </reporter-output>
        </test-method> <!-- testResponseCode404 -->
        <test-method signature="testResponseCode404(java.lang.String,java.lang.String,java.lang.String,java.lang.String,java.lang.String)[pri:0, instance:Exercise1.Test_3_Verify_API_Responses@1dd0e7c4]" started-at="2022-07-15T22:26:09 IST" name="testResponseCode404" data-provider="getURLInfo" finished-at="2022-07-15T22:26:10 IST" duration-ms="761" status="PASS">
          <params>
            <param index="0">
              <value>
                <![CDATA[https://swapi.dev/api/]]>
              </value>
            </param>
            <param index="1">
              <value>
                <![CDATA[vehicles/?name=Snowspeeder]]>
              </value>
            </param>
            <param index="2">
              <value>
                <![CDATA[application/json]]>
              </value>
            </param>
            <param index="3">
              <value>
                <![CDATA[veh9icles/?name=Snowspeeder]]>
              </value>
            </param>
            <param index="4">
              <value>
                <![CDATA[https://swapi.dev/api/%]]>
              </value>
            </param>
          </params>
          <reporter-output>
          </reporter-output>
        </test-method> <!-- testResponseCode404 -->
        <test-method signature="testResponseCode404(java.lang.String,java.lang.String,java.lang.String,java.lang.String,java.lang.String)[pri:0, instance:Exercise1.Test_3_Verify_API_Responses@1dd0e7c4]" started-at="2022-07-15T22:26:10 IST" name="testResponseCode404" data-provider="getURLInfo" finished-at="2022-07-15T22:26:11 IST" duration-ms="767" status="PASS">
          <params>
            <param index="0">
              <value>
                <![CDATA[https://swapi.dev/api/]]>
              </value>
            </param>
            <param index="1">
              <value>
                <![CDATA[starships/9]]>
              </value>
            </param>
            <param index="2">
              <value>
                <![CDATA[application/json]]>
              </value>
            </param>
            <param index="3">
              <value>
                <![CDATA[s6arships/9]]>
              </value>
            </param>
            <param index="4">
              <value>
                <![CDATA[https://swapi.dev/api/%]]>
              </value>
            </param>
          </params>
          <reporter-output>
          </reporter-output>
        </test-method> <!-- testResponseCode404 -->
      </class> <!-- Exercise1.Test_3_Verify_API_Responses -->
      <class name="Exercise1.Test_1_Validate_Headers">
        <test-method signature="TestToDisplayHeaders(java.lang.String,java.lang.String,java.lang.String,java.lang.String,java.lang.String)[pri:0, instance:Exercise1.Test_1_Validate_Headers@1e63ec0b]" started-at="2022-07-15T22:24:56 IST" name="TestToDisplayHeaders" data-provider="getURLInfo" finished-at="2022-07-15T22:25:01 IST" duration-ms="4899" status="PASS">
          <params>
            <param index="0">
              <value>
                <![CDATA[https://swapi.dev/api/]]>
              </value>
            </param>
            <param index="1">
              <value>
                <![CDATA[people/1]]>
              </value>
            </param>
            <param index="2">
              <value>
                <![CDATA[application/json]]>
              </value>
            </param>
            <param index="3">
              <value>
                <![CDATA[peo1ple/1]]>
              </value>
            </param>
            <param index="4">
              <value>
                <![CDATA[https://swapi.dev/api/:]]>
              </value>
            </param>
          </params>
          <reporter-output>
          </reporter-output>
        </test-method> <!-- TestToDisplayHeaders -->
        <test-method signature="TestToDisplayHeaders(java.lang.String,java.lang.String,java.lang.String,java.lang.String,java.lang.String)[pri:0, instance:Exercise1.Test_1_Validate_Headers@1e63ec0b]" started-at="2022-07-15T22:25:01 IST" name="TestToDisplayHeaders" data-provider="getURLInfo" finished-at="2022-07-15T22:25:02 IST" duration-ms="799" status="PASS">
          <params>
            <param index="0">
              <value>
                <![CDATA[https://swapi.dev/api/]]>
              </value>
            </param>
            <param index="1">
              <value>
                <![CDATA[people?search=Luke Skywalker]]>
              </value>
            </param>
            <param index="2">
              <value>
                <![CDATA[application/json]]>
              </value>
            </param>
            <param index="3">
              <value>
                <![CDATA[p3eople?search=Luke Skywalker]]>
              </value>
            </param>
            <param index="4">
              <value>
                <![CDATA[https://swapi.dev/api/%]]>
              </value>
            </param>
          </params>
          <reporter-output>
          </reporter-output>
        </test-method> <!-- TestToDisplayHeaders -->
        <test-method signature="TestToDisplayHeaders(java.lang.String,java.lang.String,java.lang.String,java.lang.String,java.lang.String)[pri:0, instance:Exercise1.Test_1_Validate_Headers@1e63ec0b]" started-at="2022-07-15T22:25:02 IST" name="TestToDisplayHeaders" data-provider="getURLInfo" finished-at="2022-07-15T22:25:03 IST" duration-ms="1062" status="PASS">
          <params>
            <param index="0">
              <value>
                <![CDATA[https://swapi.dev/api/]]>
              </value>
            </param>
            <param index="1">
              <value>
                <![CDATA[planets/3/]]>
              </value>
            </param>
            <param index="2">
              <value>
                <![CDATA[application/json]]>
              </value>
            </param>
            <param index="3">
              <value>
                <![CDATA[pl4anets/3/]]>
              </value>
            </param>
            <param index="4">
              <value>
                <![CDATA[https://swapi.dev/api/%]]>
              </value>
            </param>
          </params>
          <reporter-output>
          </reporter-output>
        </test-method> <!-- TestToDisplayHeaders -->
        <test-method signature="TestToDisplayHeaders(java.lang.String,java.lang.String,java.lang.String,java.lang.String,java.lang.String)[pri:0, instance:Exercise1.Test_1_Validate_Headers@1e63ec0b]" started-at="2022-07-15T22:25:03 IST" name="TestToDisplayHeaders" data-provider="getURLInfo" finished-at="2022-07-15T22:25:04 IST" duration-ms="1162" status="PASS">
          <params>
            <param index="0">
              <value>
                <![CDATA[https://swapi.dev/api/]]>
              </value>
            </param>
            <param index="1">
              <value>
                <![CDATA[planets?search=Tatooine]]>
              </value>
            </param>
            <param index="2">
              <value>
                <![CDATA[application/json]]>
              </value>
            </param>
            <param index="3">
              <value>
                <![CDATA[pla4nets?search=Tatooine]]>
              </value>
            </param>
            <param index="4">
              <value>
                <![CDATA[https://swapi.dev/api/%]]>
              </value>
            </param>
          </params>
          <reporter-output>
          </reporter-output>
        </test-method> <!-- TestToDisplayHeaders -->
        <test-method signature="TestToDisplayHeaders(java.lang.String,java.lang.String,java.lang.String,java.lang.String,java.lang.String)[pri:0, instance:Exercise1.Test_1_Validate_Headers@1e63ec0b]" started-at="2022-07-15T22:25:04 IST" name="TestToDisplayHeaders" data-provider="getURLInfo" finished-at="2022-07-15T22:25:05 IST" duration-ms="1452" status="PASS">
          <params>
            <param index="0">
              <value>
                <![CDATA[https://swapi.dev/api/]]>
              </value>
            </param>
            <param index="1">
              <value>
                <![CDATA[films/6]]>
              </value>
            </param>
            <param index="2">
              <value>
                <![CDATA[application/json]]>
              </value>
            </param>
            <param index="3">
              <value>
                <![CDATA[fi6lms/6]]>
              </value>
            </param>
            <param index="4">
              <value>
                <![CDATA[https://swapi.dev/api/%]]>
              </value>
            </param>
          </params>
          <reporter-output>
          </reporter-output>
        </test-method> <!-- TestToDisplayHeaders -->
        <test-method signature="TestToDisplayHeaders(java.lang.String,java.lang.String,java.lang.String,java.lang.String,java.lang.String)[pri:0, instance:Exercise1.Test_1_Validate_Headers@1e63ec0b]" started-at="2022-07-15T22:25:05 IST" name="TestToDisplayHeaders" data-provider="getURLInfo" finished-at="2022-07-15T22:25:07 IST" duration-ms="1803" status="PASS">
          <params>
            <param index="0">
              <value>
                <![CDATA[https://swapi.dev/api/]]>
              </value>
            </param>
            <param index="1">
              <value>
                <![CDATA[films?search=count]]>
              </value>
            </param>
            <param index="2">
              <value>
                <![CDATA[application/json]]>
              </value>
            </param>
            <param index="3">
              <value>
                <![CDATA[f2ilms?search=count]]>
              </value>
            </param>
            <param index="4">
              <value>
                <![CDATA[https://swapi.dev/api/%]]>
              </value>
            </param>
          </params>
          <reporter-output>
          </reporter-output>
        </test-method> <!-- TestToDisplayHeaders -->
        <test-method signature="TestToDisplayHeaders(java.lang.String,java.lang.String,java.lang.String,java.lang.String,java.lang.String)[pri:0, instance:Exercise1.Test_1_Validate_Headers@1e63ec0b]" started-at="2022-07-15T22:25:07 IST" name="TestToDisplayHeaders" data-provider="getURLInfo" finished-at="2022-07-15T22:25:08 IST" duration-ms="766" status="PASS">
          <params>
            <param index="0">
              <value>
                <![CDATA[https://swapi.dev/api/]]>
              </value>
            </param>
            <param index="1">
              <value>
                <![CDATA[species/23]]>
              </value>
            </param>
            <param index="2">
              <value>
                <![CDATA[application/json]]>
              </value>
            </param>
            <param index="3">
              <value>
                <![CDATA[spegcies/23]]>
              </value>
            </param>
            <param index="4">
              <value>
                <![CDATA[https://swapi.dev/api/%]]>
              </value>
            </param>
          </params>
          <reporter-output>
          </reporter-output>
        </test-method> <!-- TestToDisplayHeaders -->
        <test-method signature="TestToDisplayHeaders(java.lang.String,java.lang.String,java.lang.String,java.lang.String,java.lang.String)[pri:0, instance:Exercise1.Test_1_Validate_Headers@1e63ec0b]" started-at="2022-07-15T22:25:08 IST" name="TestToDisplayHeaders" data-provider="getURLInfo" finished-at="2022-07-15T22:25:09 IST" duration-ms="874" status="PASS">
          <params>
            <param index="0">
              <value>
                <![CDATA[https://swapi.dev/api/]]>
              </value>
            </param>
            <param index="1">
              <value>
                <![CDATA[species?language]]>
              </value>
            </param>
            <param index="2">
              <value>
                <![CDATA[application/json]]>
              </value>
            </param>
            <param index="3">
              <value>
                <![CDATA[specuies?language]]>
              </value>
            </param>
            <param index="4">
              <value>
                <![CDATA[https://swapi.dev/api/%]]>
              </value>
            </param>
          </params>
          <reporter-output>
          </reporter-output>
        </test-method> <!-- TestToDisplayHeaders -->
        <test-method signature="TestToDisplayHeaders(java.lang.String,java.lang.String,java.lang.String,java.lang.String,java.lang.String)[pri:0, instance:Exercise1.Test_1_Validate_Headers@1e63ec0b]" started-at="2022-07-15T22:25:09 IST" name="TestToDisplayHeaders" data-provider="getURLInfo" finished-at="2022-07-15T22:25:10 IST" duration-ms="1040" status="PASS">
          <params>
            <param index="0">
              <value>
                <![CDATA[https://swapi.dev/api/]]>
              </value>
            </param>
            <param index="1">
              <value>
                <![CDATA[vehicles/14]]>
              </value>
            </param>
            <param index="2">
              <value>
                <![CDATA[application/json]]>
              </value>
            </param>
            <param index="3">
              <value>
                <![CDATA[vehi3cles/14]]>
              </value>
            </param>
            <param index="4">
              <value>
                <![CDATA[https://swapi.dev/api/%]]>
              </value>
            </param>
          </params>
          <reporter-output>
          </reporter-output>
        </test-method> <!-- TestToDisplayHeaders -->
        <test-method signature="TestToDisplayHeaders(java.lang.String,java.lang.String,java.lang.String,java.lang.String,java.lang.String)[pri:0, instance:Exercise1.Test_1_Validate_Headers@1e63ec0b]" started-at="2022-07-15T22:25:10 IST" name="TestToDisplayHeaders" data-provider="getURLInfo" finished-at="2022-07-15T22:25:11 IST" duration-ms="1099" status="PASS">
          <params>
            <param index="0">
              <value>
                <![CDATA[https://swapi.dev/api/]]>
              </value>
            </param>
            <param index="1">
              <value>
                <![CDATA[vehicles/?name=Snowspeeder]]>
              </value>
            </param>
            <param index="2">
              <value>
                <![CDATA[application/json]]>
              </value>
            </param>
            <param index="3">
              <value>
                <![CDATA[veh9icles/?name=Snowspeeder]]>
              </value>
            </param>
            <param index="4">
              <value>
                <![CDATA[https://swapi.dev/api/%]]>
              </value>
            </param>
          </params>
          <reporter-output>
          </reporter-output>
        </test-method> <!-- TestToDisplayHeaders -->
        <test-method signature="TestToDisplayHeaders(java.lang.String,java.lang.String,java.lang.String,java.lang.String,java.lang.String)[pri:0, instance:Exercise1.Test_1_Validate_Headers@1e63ec0b]" started-at="2022-07-15T22:25:11 IST" name="TestToDisplayHeaders" data-provider="getURLInfo" finished-at="2022-07-15T22:25:12 IST" duration-ms="874" status="PASS">
          <params>
            <param index="0">
              <value>
                <![CDATA[https://swapi.dev/api/]]>
              </value>
            </param>
            <param index="1">
              <value>
                <![CDATA[starships/9]]>
              </value>
            </param>
            <param index="2">
              <value>
                <![CDATA[application/json]]>
              </value>
            </param>
            <param index="3">
              <value>
                <![CDATA[s6arships/9]]>
              </value>
            </param>
            <param index="4">
              <value>
                <![CDATA[https://swapi.dev/api/%]]>
              </value>
            </param>
          </params>
          <reporter-output>
          </reporter-output>
        </test-method> <!-- TestToDisplayHeaders -->
        <test-method signature="VerifyContentTypeIsApplicationJSON(java.lang.String,java.lang.String,java.lang.String,java.lang.String,java.lang.String)[pri:0, instance:Exercise1.Test_1_Validate_Headers@1e63ec0b]" started-at="2022-07-15T22:25:12 IST" name="VerifyContentTypeIsApplicationJSON" data-provider="getURLInfo" finished-at="2022-07-15T22:25:13 IST" duration-ms="873" status="PASS">
          <params>
            <param index="0">
              <value>
                <![CDATA[https://swapi.dev/api/]]>
              </value>
            </param>
            <param index="1">
              <value>
                <![CDATA[people/1]]>
              </value>
            </param>
            <param index="2">
              <value>
                <![CDATA[application/json]]>
              </value>
            </param>
            <param index="3">
              <value>
                <![CDATA[peo1ple/1]]>
              </value>
            </param>
            <param index="4">
              <value>
                <![CDATA[https://swapi.dev/api/:]]>
              </value>
            </param>
          </params>
          <reporter-output>
          </reporter-output>
        </test-method> <!-- VerifyContentTypeIsApplicationJSON -->
        <test-method signature="VerifyContentTypeIsApplicationJSON(java.lang.String,java.lang.String,java.lang.String,java.lang.String,java.lang.String)[pri:0, instance:Exercise1.Test_1_Validate_Headers@1e63ec0b]" started-at="2022-07-15T22:25:13 IST" name="VerifyContentTypeIsApplicationJSON" data-provider="getURLInfo" finished-at="2022-07-15T22:25:14 IST" duration-ms="1158" status="PASS">
          <params>
            <param index="0">
              <value>
                <![CDATA[https://swapi.dev/api/]]>
              </value>
            </param>
            <param index="1">
              <value>
                <![CDATA[people?search=Luke Skywalker]]>
              </value>
            </param>
            <param index="2">
              <value>
                <![CDATA[application/json]]>
              </value>
            </param>
            <param index="3">
              <value>
                <![CDATA[p3eople?search=Luke Skywalker]]>
              </value>
            </param>
            <param index="4">
              <value>
                <![CDATA[https://swapi.dev/api/%]]>
              </value>
            </param>
          </params>
          <reporter-output>
          </reporter-output>
        </test-method> <!-- VerifyContentTypeIsApplicationJSON -->
        <test-method signature="VerifyContentTypeIsApplicationJSON(java.lang.String,java.lang.String,java.lang.String,java.lang.String,java.lang.String)[pri:0, instance:Exercise1.Test_1_Validate_Headers@1e63ec0b]" started-at="2022-07-15T22:25:14 IST" name="VerifyContentTypeIsApplicationJSON" data-provider="getURLInfo" finished-at="2022-07-15T22:25:15 IST" duration-ms="829" status="PASS">
          <params>
            <param index="0">
              <value>
                <![CDATA[https://swapi.dev/api/]]>
              </value>
            </param>
            <param index="1">
              <value>
                <![CDATA[planets/3/]]>
              </value>
            </param>
            <param index="2">
              <value>
                <![CDATA[application/json]]>
              </value>
            </param>
            <param index="3">
              <value>
                <![CDATA[pl4anets/3/]]>
              </value>
            </param>
            <param index="4">
              <value>
                <![CDATA[https://swapi.dev/api/%]]>
              </value>
            </param>
          </params>
          <reporter-output>
          </reporter-output>
        </test-method> <!-- VerifyContentTypeIsApplicationJSON -->
        <test-method signature="VerifyContentTypeIsApplicationJSON(java.lang.String,java.lang.String,java.lang.String,java.lang.String,java.lang.String)[pri:0, instance:Exercise1.Test_1_Validate_Headers@1e63ec0b]" started-at="2022-07-15T22:25:15 IST" name="VerifyContentTypeIsApplicationJSON" data-provider="getURLInfo" finished-at="2022-07-15T22:25:16 IST" duration-ms="1011" status="PASS">
          <params>
            <param index="0">
              <value>
                <![CDATA[https://swapi.dev/api/]]>
              </value>
            </param>
            <param index="1">
              <value>
                <![CDATA[planets?search=Tatooine]]>
              </value>
            </param>
            <param index="2">
              <value>
                <![CDATA[application/json]]>
              </value>
            </param>
            <param index="3">
              <value>
                <![CDATA[pla4nets?search=Tatooine]]>
              </value>
            </param>
            <param index="4">
              <value>
                <![CDATA[https://swapi.dev/api/%]]>
              </value>
            </param>
          </params>
          <reporter-output>
          </reporter-output>
        </test-method> <!-- VerifyContentTypeIsApplicationJSON -->
        <test-method signature="VerifyContentTypeIsApplicationJSON(java.lang.String,java.lang.String,java.lang.String,java.lang.String,java.lang.String)[pri:0, instance:Exercise1.Test_1_Validate_Headers@1e63ec0b]" started-at="2022-07-15T22:25:16 IST" name="VerifyContentTypeIsApplicationJSON" data-provider="getURLInfo" finished-at="2022-07-15T22:25:17 IST" duration-ms="1144" status="PASS">
          <params>
            <param index="0">
              <value>
                <![CDATA[https://swapi.dev/api/]]>
              </value>
            </param>
            <param index="1">
              <value>
                <![CDATA[films/6]]>
              </value>
            </param>
            <param index="2">
              <value>
                <![CDATA[application/json]]>
              </value>
            </param>
            <param index="3">
              <value>
                <![CDATA[fi6lms/6]]>
              </value>
            </param>
            <param index="4">
              <value>
                <![CDATA[https://swapi.dev/api/%]]>
              </value>
            </param>
          </params>
          <reporter-output>
          </reporter-output>
        </test-method> <!-- VerifyContentTypeIsApplicationJSON -->
        <test-method signature="VerifyContentTypeIsApplicationJSON(java.lang.String,java.lang.String,java.lang.String,java.lang.String,java.lang.String)[pri:0, instance:Exercise1.Test_1_Validate_Headers@1e63ec0b]" started-at="2022-07-15T22:25:17 IST" name="VerifyContentTypeIsApplicationJSON" data-provider="getURLInfo" finished-at="2022-07-15T22:25:18 IST" duration-ms="1247" status="PASS">
          <params>
            <param index="0">
              <value>
                <![CDATA[https://swapi.dev/api/]]>
              </value>
            </param>
            <param index="1">
              <value>
                <![CDATA[films?search=count]]>
              </value>
            </param>
            <param index="2">
              <value>
                <![CDATA[application/json]]>
              </value>
            </param>
            <param index="3">
              <value>
                <![CDATA[f2ilms?search=count]]>
              </value>
            </param>
            <param index="4">
              <value>
                <![CDATA[https://swapi.dev/api/%]]>
              </value>
            </param>
          </params>
          <reporter-output>
          </reporter-output>
        </test-method> <!-- VerifyContentTypeIsApplicationJSON -->
        <test-method signature="VerifyContentTypeIsApplicationJSON(java.lang.String,java.lang.String,java.lang.String,java.lang.String,java.lang.String)[pri:0, instance:Exercise1.Test_1_Validate_Headers@1e63ec0b]" started-at="2022-07-15T22:25:18 IST" name="VerifyContentTypeIsApplicationJSON" data-provider="getURLInfo" finished-at="2022-07-15T22:25:19 IST" duration-ms="995" status="PASS">
          <params>
            <param index="0">
              <value>
                <![CDATA[https://swapi.dev/api/]]>
              </value>
            </param>
            <param index="1">
              <value>
                <![CDATA[species/23]]>
              </value>
            </param>
            <param index="2">
              <value>
                <![CDATA[application/json]]>
              </value>
            </param>
            <param index="3">
              <value>
                <![CDATA[spegcies/23]]>
              </value>
            </param>
            <param index="4">
              <value>
                <![CDATA[https://swapi.dev/api/%]]>
              </value>
            </param>
          </params>
          <reporter-output>
          </reporter-output>
        </test-method> <!-- VerifyContentTypeIsApplicationJSON -->
        <test-method signature="VerifyContentTypeIsApplicationJSON(java.lang.String,java.lang.String,java.lang.String,java.lang.String,java.lang.String)[pri:0, instance:Exercise1.Test_1_Validate_Headers@1e63ec0b]" started-at="2022-07-15T22:25:19 IST" name="VerifyContentTypeIsApplicationJSON" data-provider="getURLInfo" finished-at="2022-07-15T22:25:20 IST" duration-ms="880" status="PASS">
          <params>
            <param index="0">
              <value>
                <![CDATA[https://swapi.dev/api/]]>
              </value>
            </param>
            <param index="1">
              <value>
                <![CDATA[species?language]]>
              </value>
            </param>
            <param index="2">
              <value>
                <![CDATA[application/json]]>
              </value>
            </param>
            <param index="3">
              <value>
                <![CDATA[specuies?language]]>
              </value>
            </param>
            <param index="4">
              <value>
                <![CDATA[https://swapi.dev/api/%]]>
              </value>
            </param>
          </params>
          <reporter-output>
          </reporter-output>
        </test-method> <!-- VerifyContentTypeIsApplicationJSON -->
        <test-method signature="VerifyContentTypeIsApplicationJSON(java.lang.String,java.lang.String,java.lang.String,java.lang.String,java.lang.String)[pri:0, instance:Exercise1.Test_1_Validate_Headers@1e63ec0b]" started-at="2022-07-15T22:25:20 IST" name="VerifyContentTypeIsApplicationJSON" data-provider="getURLInfo" finished-at="2022-07-15T22:25:21 IST" duration-ms="814" status="PASS">
          <params>
            <param index="0">
              <value>
                <![CDATA[https://swapi.dev/api/]]>
              </value>
            </param>
            <param index="1">
              <value>
                <![CDATA[vehicles/14]]>
              </value>
            </param>
            <param index="2">
              <value>
                <![CDATA[application/json]]>
              </value>
            </param>
            <param index="3">
              <value>
                <![CDATA[vehi3cles/14]]>
              </value>
            </param>
            <param index="4">
              <value>
                <![CDATA[https://swapi.dev/api/%]]>
              </value>
            </param>
          </params>
          <reporter-output>
          </reporter-output>
        </test-method> <!-- VerifyContentTypeIsApplicationJSON -->
        <test-method signature="VerifyContentTypeIsApplicationJSON(java.lang.String,java.lang.String,java.lang.String,java.lang.String,java.lang.String)[pri:0, instance:Exercise1.Test_1_Validate_Headers@1e63ec0b]" started-at="2022-07-15T22:25:21 IST" name="VerifyContentTypeIsApplicationJSON" data-provider="getURLInfo" finished-at="2022-07-15T22:25:22 IST" duration-ms="829" status="PASS">
          <params>
            <param index="0">
              <value>
                <![CDATA[https://swapi.dev/api/]]>
              </value>
            </param>
            <param index="1">
              <value>
                <![CDATA[vehicles/?name=Snowspeeder]]>
              </value>
            </param>
            <param index="2">
              <value>
                <![CDATA[application/json]]>
              </value>
            </param>
            <param index="3">
              <value>
                <![CDATA[veh9icles/?name=Snowspeeder]]>
              </value>
            </param>
            <param index="4">
              <value>
                <![CDATA[https://swapi.dev/api/%]]>
              </value>
            </param>
          </params>
          <reporter-output>
          </reporter-output>
        </test-method> <!-- VerifyContentTypeIsApplicationJSON -->
        <test-method signature="VerifyContentTypeIsApplicationJSON(java.lang.String,java.lang.String,java.lang.String,java.lang.String,java.lang.String)[pri:0, instance:Exercise1.Test_1_Validate_Headers@1e63ec0b]" started-at="2022-07-15T22:25:22 IST" name="VerifyContentTypeIsApplicationJSON" data-provider="getURLInfo" finished-at="2022-07-15T22:25:23 IST" duration-ms="812" status="PASS">
          <params>
            <param index="0">
              <value>
                <![CDATA[https://swapi.dev/api/]]>
              </value>
            </param>
            <param index="1">
              <value>
                <![CDATA[starships/9]]>
              </value>
            </param>
            <param index="2">
              <value>
                <![CDATA[application/json]]>
              </value>
            </param>
            <param index="3">
              <value>
                <![CDATA[s6arships/9]]>
              </value>
            </param>
            <param index="4">
              <value>
                <![CDATA[https://swapi.dev/api/%]]>
              </value>
            </param>
          </params>
          <reporter-output>
          </reporter-output>
        </test-method> <!-- VerifyContentTypeIsApplicationJSON -->
        <test-method signature="VerifyContentTypeIsPresent(java.lang.String,java.lang.String,java.lang.String,java.lang.String,java.lang.String)[pri:0, instance:Exercise1.Test_1_Validate_Headers@1e63ec0b]" started-at="2022-07-15T22:25:23 IST" name="VerifyContentTypeIsPresent" data-provider="getURLInfo" finished-at="2022-07-15T22:25:24 IST" duration-ms="778" status="PASS">
          <params>
            <param index="0">
              <value>
                <![CDATA[https://swapi.dev/api/]]>
              </value>
            </param>
            <param index="1">
              <value>
                <![CDATA[people/1]]>
              </value>
            </param>
            <param index="2">
              <value>
                <![CDATA[application/json]]>
              </value>
            </param>
            <param index="3">
              <value>
                <![CDATA[peo1ple/1]]>
              </value>
            </param>
            <param index="4">
              <value>
                <![CDATA[https://swapi.dev/api/:]]>
              </value>
            </param>
          </params>
          <reporter-output>
          </reporter-output>
        </test-method> <!-- VerifyContentTypeIsPresent -->
        <test-method signature="VerifyContentTypeIsPresent(java.lang.String,java.lang.String,java.lang.String,java.lang.String,java.lang.String)[pri:0, instance:Exercise1.Test_1_Validate_Headers@1e63ec0b]" started-at="2022-07-15T22:25:24 IST" name="VerifyContentTypeIsPresent" data-provider="getURLInfo" finished-at="2022-07-15T22:25:25 IST" duration-ms="1705" status="PASS">
          <params>
            <param index="0">
              <value>
                <![CDATA[https://swapi.dev/api/]]>
              </value>
            </param>
            <param index="1">
              <value>
                <![CDATA[people?search=Luke Skywalker]]>
              </value>
            </param>
            <param index="2">
              <value>
                <![CDATA[application/json]]>
              </value>
            </param>
            <param index="3">
              <value>
                <![CDATA[p3eople?search=Luke Skywalker]]>
              </value>
            </param>
            <param index="4">
              <value>
                <![CDATA[https://swapi.dev/api/%]]>
              </value>
            </param>
          </params>
          <reporter-output>
          </reporter-output>
        </test-method> <!-- VerifyContentTypeIsPresent -->
        <test-method signature="VerifyContentTypeIsPresent(java.lang.String,java.lang.String,java.lang.String,java.lang.String,java.lang.String)[pri:0, instance:Exercise1.Test_1_Validate_Headers@1e63ec0b]" started-at="2022-07-15T22:25:25 IST" name="VerifyContentTypeIsPresent" data-provider="getURLInfo" finished-at="2022-07-15T22:25:26 IST" duration-ms="1018" status="PASS">
          <params>
            <param index="0">
              <value>
                <![CDATA[https://swapi.dev/api/]]>
              </value>
            </param>
            <param index="1">
              <value>
                <![CDATA[planets/3/]]>
              </value>
            </param>
            <param index="2">
              <value>
                <![CDATA[application/json]]>
              </value>
            </param>
            <param index="3">
              <value>
                <![CDATA[pl4anets/3/]]>
              </value>
            </param>
            <param index="4">
              <value>
                <![CDATA[https://swapi.dev/api/%]]>
              </value>
            </param>
          </params>
          <reporter-output>
          </reporter-output>
        </test-method> <!-- VerifyContentTypeIsPresent -->
        <test-method signature="VerifyContentTypeIsPresent(java.lang.String,java.lang.String,java.lang.String,java.lang.String,java.lang.String)[pri:0, instance:Exercise1.Test_1_Validate_Headers@1e63ec0b]" started-at="2022-07-15T22:25:26 IST" name="VerifyContentTypeIsPresent" data-provider="getURLInfo" finished-at="2022-07-15T22:25:27 IST" duration-ms="1027" status="PASS">
          <params>
            <param index="0">
              <value>
                <![CDATA[https://swapi.dev/api/]]>
              </value>
            </param>
            <param index="1">
              <value>
                <![CDATA[planets?search=Tatooine]]>
              </value>
            </param>
            <param index="2">
              <value>
                <![CDATA[application/json]]>
              </value>
            </param>
            <param index="3">
              <value>
                <![CDATA[pla4nets?search=Tatooine]]>
              </value>
            </param>
            <param index="4">
              <value>
                <![CDATA[https://swapi.dev/api/%]]>
              </value>
            </param>
          </params>
          <reporter-output>
          </reporter-output>
        </test-method> <!-- VerifyContentTypeIsPresent -->
        <test-method signature="VerifyContentTypeIsPresent(java.lang.String,java.lang.String,java.lang.String,java.lang.String,java.lang.String)[pri:0, instance:Exercise1.Test_1_Validate_Headers@1e63ec0b]" started-at="2022-07-15T22:25:27 IST" name="VerifyContentTypeIsPresent" data-provider="getURLInfo" finished-at="2022-07-15T22:25:28 IST" duration-ms="807" status="PASS">
          <params>
            <param index="0">
              <value>
                <![CDATA[https://swapi.dev/api/]]>
              </value>
            </param>
            <param index="1">
              <value>
                <![CDATA[films/6]]>
              </value>
            </param>
            <param index="2">
              <value>
                <![CDATA[application/json]]>
              </value>
            </param>
            <param index="3">
              <value>
                <![CDATA[fi6lms/6]]>
              </value>
            </param>
            <param index="4">
              <value>
                <![CDATA[https://swapi.dev/api/%]]>
              </value>
            </param>
          </params>
          <reporter-output>
          </reporter-output>
        </test-method> <!-- VerifyContentTypeIsPresent -->
        <test-method signature="VerifyContentTypeIsPresent(java.lang.String,java.lang.String,java.lang.String,java.lang.String,java.lang.String)[pri:0, instance:Exercise1.Test_1_Validate_Headers@1e63ec0b]" started-at="2022-07-15T22:25:28 IST" name="VerifyContentTypeIsPresent" data-provider="getURLInfo" finished-at="2022-07-15T22:25:29 IST" duration-ms="1339" status="PASS">
          <params>
            <param index="0">
              <value>
                <![CDATA[https://swapi.dev/api/]]>
              </value>
            </param>
            <param index="1">
              <value>
                <![CDATA[films?search=count]]>
              </value>
            </param>
            <param index="2">
              <value>
                <![CDATA[application/json]]>
              </value>
            </param>
            <param index="3">
              <value>
                <![CDATA[f2ilms?search=count]]>
              </value>
            </param>
            <param index="4">
              <value>
                <![CDATA[https://swapi.dev/api/%]]>
              </value>
            </param>
          </params>
          <reporter-output>
          </reporter-output>
        </test-method> <!-- VerifyContentTypeIsPresent -->
        <test-method signature="VerifyContentTypeIsPresent(java.lang.String,java.lang.String,java.lang.String,java.lang.String,java.lang.String)[pri:0, instance:Exercise1.Test_1_Validate_Headers@1e63ec0b]" started-at="2022-07-15T22:25:29 IST" name="VerifyContentTypeIsPresent" data-provider="getURLInfo" finished-at="2022-07-15T22:25:30 IST" duration-ms="757" status="PASS">
          <params>
            <param index="0">
              <value>
                <![CDATA[https://swapi.dev/api/]]>
              </value>
            </param>
            <param index="1">
              <value>
                <![CDATA[species/23]]>
              </value>
            </param>
            <param index="2">
              <value>
                <![CDATA[application/json]]>
              </value>
            </param>
            <param index="3">
              <value>
                <![CDATA[spegcies/23]]>
              </value>
            </param>
            <param index="4">
              <value>
                <![CDATA[https://swapi.dev/api/%]]>
              </value>
            </param>
          </params>
          <reporter-output>
          </reporter-output>
        </test-method> <!-- VerifyContentTypeIsPresent -->
        <test-method signature="VerifyContentTypeIsPresent(java.lang.String,java.lang.String,java.lang.String,java.lang.String,java.lang.String)[pri:0, instance:Exercise1.Test_1_Validate_Headers@1e63ec0b]" started-at="2022-07-15T22:25:30 IST" name="VerifyContentTypeIsPresent" data-provider="getURLInfo" finished-at="2022-07-15T22:25:31 IST" duration-ms="836" status="PASS">
          <params>
            <param index="0">
              <value>
                <![CDATA[https://swapi.dev/api/]]>
              </value>
            </param>
            <param index="1">
              <value>
                <![CDATA[species?language]]>
              </value>
            </param>
            <param index="2">
              <value>
                <![CDATA[application/json]]>
              </value>
            </param>
            <param index="3">
              <value>
                <![CDATA[specuies?language]]>
              </value>
            </param>
            <param index="4">
              <value>
                <![CDATA[https://swapi.dev/api/%]]>
              </value>
            </param>
          </params>
          <reporter-output>
          </reporter-output>
        </test-method> <!-- VerifyContentTypeIsPresent -->
        <test-method signature="VerifyContentTypeIsPresent(java.lang.String,java.lang.String,java.lang.String,java.lang.String,java.lang.String)[pri:0, instance:Exercise1.Test_1_Validate_Headers@1e63ec0b]" started-at="2022-07-15T22:25:31 IST" name="VerifyContentTypeIsPresent" data-provider="getURLInfo" finished-at="2022-07-15T22:25:32 IST" duration-ms="814" status="PASS">
          <params>
            <param index="0">
              <value>
                <![CDATA[https://swapi.dev/api/]]>
              </value>
            </param>
            <param index="1">
              <value>
                <![CDATA[vehicles/14]]>
              </value>
            </param>
            <param index="2">
              <value>
                <![CDATA[application/json]]>
              </value>
            </param>
            <param index="3">
              <value>
                <![CDATA[vehi3cles/14]]>
              </value>
            </param>
            <param index="4">
              <value>
                <![CDATA[https://swapi.dev/api/%]]>
              </value>
            </param>
          </params>
          <reporter-output>
          </reporter-output>
        </test-method> <!-- VerifyContentTypeIsPresent -->
        <test-method signature="VerifyContentTypeIsPresent(java.lang.String,java.lang.String,java.lang.String,java.lang.String,java.lang.String)[pri:0, instance:Exercise1.Test_1_Validate_Headers@1e63ec0b]" started-at="2022-07-15T22:25:32 IST" name="VerifyContentTypeIsPresent" data-provider="getURLInfo" finished-at="2022-07-15T22:25:33 IST" duration-ms="979" status="PASS">
          <params>
            <param index="0">
              <value>
                <![CDATA[https://swapi.dev/api/]]>
              </value>
            </param>
            <param index="1">
              <value>
                <![CDATA[vehicles/?name=Snowspeeder]]>
              </value>
            </param>
            <param index="2">
              <value>
                <![CDATA[application/json]]>
              </value>
            </param>
            <param index="3">
              <value>
                <![CDATA[veh9icles/?name=Snowspeeder]]>
              </value>
            </param>
            <param index="4">
              <value>
                <![CDATA[https://swapi.dev/api/%]]>
              </value>
            </param>
          </params>
          <reporter-output>
          </reporter-output>
        </test-method> <!-- VerifyContentTypeIsPresent -->
        <test-method signature="VerifyContentTypeIsPresent(java.lang.String,java.lang.String,java.lang.String,java.lang.String,java.lang.String)[pri:0, instance:Exercise1.Test_1_Validate_Headers@1e63ec0b]" started-at="2022-07-15T22:25:33 IST" name="VerifyContentTypeIsPresent" data-provider="getURLInfo" finished-at="2022-07-15T22:25:34 IST" duration-ms="1355" status="PASS">
          <params>
            <param index="0">
              <value>
                <![CDATA[https://swapi.dev/api/]]>
              </value>
            </param>
            <param index="1">
              <value>
                <![CDATA[starships/9]]>
              </value>
            </param>
            <param index="2">
              <value>
                <![CDATA[application/json]]>
              </value>
            </param>
            <param index="3">
              <value>
                <![CDATA[s6arships/9]]>
              </value>
            </param>
            <param index="4">
              <value>
                <![CDATA[https://swapi.dev/api/%]]>
              </value>
            </param>
          </params>
          <reporter-output>
          </reporter-output>
        </test-method> <!-- VerifyContentTypeIsPresent -->
      </class> <!-- Exercise1.Test_1_Validate_Headers -->
    </test> <!-- Command line test -->
  </suite> <!-- Command line suite -->
</testng-results>
