<?xml version="1.0" encoding="UTF-8" ?>
<testsuite tests="69" failures="0" name="TestSuite" time="74.763" errors="0" skipped="0">
  <properties>
[...]
</properties>
  <testcase classname="Exercise1.Test_1_Validate_Headers" name="TestToDisplayHeaders" time="5.095"/>
  <testcase classname="Exercise1.Test_1_Validate_Headers" name="TestToDisplayHeaders" time="0.8"/>
  <testcase classname="Exercise1.Test_1_Validate_Headers" name="TestToDisplayHeaders" time="1.065"/>
  <testcase classname="Exercise1.Test_1_Validate_Headers" name="TestToDisplayHeaders" time="1.171"/>
  <testcase classname="Exercise1.Test_1_Validate_Headers" name="TestToDisplayHeaders" time="1.521"/>
  <testcase classname="Exercise1.Test_1_Validate_Headers" name="TestToDisplayHeaders" time="1.805"/>
  <testcase classname="Exercise1.Test_1_Validate_Headers" name="TestToDisplayHeaders" time="0.774"/>
  <testcase classname="Exercise1.Test_1_Validate_Headers" name="TestToDisplayHeaders" time="0.898"/>
  <testcase classname="Exercise1.Test_1_Validate_Headers" name="TestToDisplayHeaders" time="1.042"/>
  <testcase classname="Exercise1.Test_1_Validate_Headers" name="TestToDisplayHeaders" time="1.136"/>
  <testcase classname="Exercise1.Test_1_Validate_Headers" name="TestToDisplayHeaders" time="0.881"/>
  <testcase classname="Exercise1.Test_1_Validate_Headers" name="VerifyContentTypeIsApplicationJSON" time="0.881"/>
  <testcase classname="Exercise1.Test_1_Validate_Headers" name="VerifyContentTypeIsApplicationJSON" time="1.162"/>
  <testcase classname="Exercise1.Test_1_Validate_Headers" name="VerifyContentTypeIsApplicationJSON" time="0.83"/>
  <testcase classname="Exercise1.Test_1_Validate_Headers" name="VerifyContentTypeIsApplicationJSON" time="1.013"/>
  <testcase classname="Exercise1.Test_1_Validate_Headers" name="VerifyContentTypeIsApplicationJSON" time="1.145"/>
  <testcase classname="Exercise1.Test_1_Validate_Headers" name="VerifyContentTypeIsApplicationJSON" time="1.25"/>
  <testcase classname="Exercise1.Test_1_Validate_Headers" name="VerifyContentTypeIsApplicationJSON" time="0.999"/>
  <testcase classname="Exercise1.Test_1_Validate_Headers" name="VerifyContentTypeIsApplicationJSON" time="0.892"/>
  <testcase classname="Exercise1.Test_1_Validate_Headers" name="VerifyContentTypeIsApplicationJSON" time="0.82"/>
  <testcase classname="Exercise1.Test_1_Validate_Headers" name="VerifyContentTypeIsApplicationJSON" time="0.832"/>
  <testcase classname="Exercise1.Test_1_Validate_Headers" name="VerifyContentTypeIsApplicationJSON" time="0.823"/>
  <testcase classname="Exercise1.Test_1_Validate_Headers" name="VerifyContentTypeIsPresent" time="0.784"/>
  <testcase classname="Exercise1.Test_1_Validate_Headers" name="VerifyContentTypeIsPresent" time="1.713"/>
  <testcase classname="Exercise1.Test_1_Validate_Headers" name="VerifyContentTypeIsPresent" time="1.029"/>
  <testcase classname="Exercise1.Test_1_Validate_Headers" name="VerifyContentTypeIsPresent" time="1.029"/>
  <testcase classname="Exercise1.Test_1_Validate_Headers" name="VerifyContentTypeIsPresent" time="0.817"/>
  <testcase classname="Exercise1.Test_1_Validate_Headers" name="VerifyContentTypeIsPresent" time="1.351"/>
  <testcase classname="Exercise1.Test_1_Validate_Headers" name="VerifyContentTypeIsPresent" time="0.762"/>
  <testcase classname="Exercise1.Test_1_Validate_Headers" name="VerifyContentTypeIsPresent" time="0.843"/>
  <testcase classname="Exercise1.Test_1_Validate_Headers" name="VerifyContentTypeIsPresent" time="0.822"/>
  <testcase classname="Exercise1.Test_1_Validate_Headers" name="VerifyContentTypeIsPresent" time="0.984"/>
  <testcase classname="Exercise1.Test_1_Validate_Headers" name="VerifyContentTypeIsPresent" time="1.361"/>
  <testcase classname="Exercise1.Test_2_Verify_Attributes" name="DisplayAllStarWarsCharacterNames" time="3.769"/>
  <testcase classname="Exercise1.Test_2_Verify_Attributes" name="GetCountOfStarWarsCharacters" time="0.994"/>
  <testcase classname="Exercise1.Test_2_Verify_Attributes" name="ValidateSpecificStarWarsCharacterNames" time="1.074"/>
  <testcase classname="Exercise1.Test_3_Verify_API_Responses" name="testResponseCode200" time="1.019"/>
  <testcase classname="Exercise1.Test_3_Verify_API_Responses" name="testResponseCode200" time="1.216"/>
  <testcase classname="Exercise1.Test_3_Verify_API_Responses" name="testResponseCode200" time="1.246"/>
  <testcase classname="Exercise1.Test_3_Verify_API_Responses" name="testResponseCode200" time="1.045"/>
  <testcase classname="Exercise1.Test_3_Verify_API_Responses" name="testResponseCode200" time="0.804"/>
  <testcase classname="Exercise1.Test_3_Verify_API_Responses" name="testResponseCode200" time="1.596"/>
  <testcase classname="Exercise1.Test_3_Verify_API_Responses" name="testResponseCode200" time="1.015"/>
  <testcase classname="Exercise1.Test_3_Verify_API_Responses" name="testResponseCode200" time="0.885"/>
  <testcase classname="Exercise1.Test_3_Verify_API_Responses" name="testResponseCode200" time="0.799"/>
  <testcase classname="Exercise1.Test_3_Verify_API_Responses" name="testResponseCode200" time="0.865"/>
  <testcase classname="Exercise1.Test_3_Verify_API_Responses" name="testResponseCode200" time="0.805"/>
  <testcase classname="Exercise1.Test_3_Verify_API_Responses" name="testResponseCode400" time="0.879"/>
  <testcase classname="Exercise1.Test_3_Verify_API_Responses" name="testResponseCode400" time="1.037"/>
  <testcase classname="Exercise1.Test_3_Verify_API_Responses" name="testResponseCode400" time="0.856"/>
  <testcase classname="Exercise1.Test_3_Verify_API_Responses" name="testResponseCode400" time="1"/>
  <testcase classname="Exercise1.Test_3_Verify_API_Responses" name="testResponseCode400" time="0.899"/>
  <testcase classname="Exercise1.Test_3_Verify_API_Responses" name="testResponseCode400" time="0.896"/>
  <testcase classname="Exercise1.Test_3_Verify_API_Responses" name="testResponseCode400" time="0.787"/>
  <testcase classname="Exercise1.Test_3_Verify_API_Responses" name="testResponseCode400" time="0.829"/>
  <testcase classname="Exercise1.Test_3_Verify_API_Responses" name="testResponseCode400" time="0.791"/>
  <testcase classname="Exercise1.Test_3_Verify_API_Responses" name="testResponseCode400" time="1.412"/>
  <testcase classname="Exercise1.Test_3_Verify_API_Responses" name="testResponseCode400" time="1.017"/>
  <testcase classname="Exercise1.Test_3_Verify_API_Responses" name="testResponseCode404" time="0.768"/>
  <testcase classname="Exercise1.Test_3_Verify_API_Responses" name="testResponseCode404" time="0.772"/>
  <testcase classname="Exercise1.Test_3_Verify_API_Responses" name="testResponseCode404" time="0.821"/>
  <testcase classname="Exercise1.Test_3_Verify_API_Responses" name="testResponseCode404" time="0.796"/>
  <testcase classname="Exercise1.Test_3_Verify_API_Responses" name="testResponseCode404" time="0.856"/>
  <testcase classname="Exercise1.Test_3_Verify_API_Responses" name="testResponseCode404" time="0.796"/>
  <testcase classname="Exercise1.Test_3_Verify_API_Responses" name="testResponseCode404" time="0.992"/>
  <testcase classname="Exercise1.Test_3_Verify_API_Responses" name="testResponseCode404" time="0.759"/>
  <testcase classname="Exercise1.Test_3_Verify_API_Responses" name="testResponseCode404" time="0.801"/>
  <testcase classname="Exercise1.Test_3_Verify_API_Responses" name="testResponseCode404" time="0.764"/>
  <testcase classname="Exercise1.Test_3_Verify_API_Responses" name="testResponseCode404" time="0.773"/>
</testsuite>